# JRE version: OpenJDK Runtime Environment (25.0.1+8) (build 25.0.1+8-27)
# Java VM: OpenJDK 64-Bit Server VM (25.0.1+8-27, mixed mode, emulated-client, sharing, tiered, compressed oops, compressed class ptrs, g1 gc, windows-amd64)
GC Precious Log:
 CardTable entry size: 512
 Card Set container configuration: InlinePtr #cards 5 size 8 Array Of Cards #cards 10 size 36 Howl #buckets 4 coarsen threshold 1843 Howl Bitmap #cards 512 size 80 coarsen threshold 460 Card regions per heap region 1 cards per card region 2048
 CPUs: 4 total, 4 available
 Memory: 3979M
 Large Page Support: Disabled
 NUMA Support: Disabled
 Compressed Oops: Enabled (32-bit)
 Heap Region Size: 1M
 Heap Min Capacity: 8M
 Heap Initial Capacity: 64M
 Heap Max Capacity: 996M
 Pre-touch: Disabled
 Parallel Workers: 4
 Concurrent Workers: 1
 Concurrent Refinement Workers: 4
 Periodic GC: Disabled
Heap:
 garbage-first heap   total reserved 1019904K, committed 266240K, used 100481K [0x00000000c1c00000, 0x0000000100000000)
  region size 1024K, 32 young (32768K), 9 survivors (9216K)
GC Heap Usage History (20 events):
Event: 20.520 {heap Before GC invocations=28 (full 0):
 garbage-first heap   total reserved 1019904K, committed 124928K, used 115033K [0x00000000c1c00000, 0x0000000100000000)
  region size 1024K, 68 young (69632K), 7 survivors (7168K)
}
Event: 20.559 {heap After GC invocations=29 (full 0):
 garbage-first heap   total reserved 1019904K, committed 138240K, used 68608K [0x00000000c1c00000, 0x0000000100000000)
  region size 1024K, 9 young (9216K), 9 survivors (9216K)
}
Event: 20.776 {heap Before GC invocations=30 (full 0):
 garbage-first heap   total reserved 1019904K, committed 138240K, used 117760K [0x00000000c1c00000, 0x0000000100000000)
  region size 1024K, 56 young (57344K), 9 survivors (9216K)
}
Event: 20.814 {heap After GC invocations=31 (full 0):
 garbage-first heap   total reserved 1019904K, committed 142336K, used 84480K [0x00000000c1c00000, 0x0000000100000000)
  region size 1024K, 7 young (7168K), 7 survivors (7168K)
}
Event: 20.922 {heap Before GC invocations=31 (full 0):
 garbage-first heap   total reserved 1019904K, committed 142336K, used 120320K [0x00000000c1c00000, 0x0000000100000000)
  region size 1024K, 42 young (43008K), 7 survivors (7168K)
}
Event: 20.940 {heap After GC invocations=32 (full 0):
 garbage-first heap   total reserved 1019904K, committed 314368K, used 86528K [0x00000000c1c00000, 0x0000000100000000)
  region size 1024K, 2 young (2048K), 2 survivors (2048K)
}
Event: 23.375 {heap Before GC invocations=32 (full 0):
 garbage-first heap   total reserved 1019904K, committed 314368K, used 255488K [0x00000000c1c00000, 0x0000000100000000)
  region size 1024K, 147 young (150528K), 2 survivors (2048K)
}
Event: 23.395 {heap After GC invocations=33 (full 0):
 garbage-first heap   total reserved 1019904K, committed 314368K, used 99699K [0x00000000c1c00000, 0x0000000100000000)
  region size 1024K, 6 young (6144K), 6 survivors (6144K)
}
Event: 24.365 {heap Before GC invocations=33 (full 0):
 garbage-first heap   total reserved 1019904K, committed 314368K, used 219507K [0x00000000c1c00000, 0x0000000100000000)
  region size 1024K, 123 young (125952K), 6 survivors (6144K)
}
Event: 24.377 {heap After GC invocations=34 (full 0):
 garbage-first heap   total reserved 1019904K, committed 314368K, used 102135K [0x00000000c1c00000, 0x0000000100000000)
  region size 1024K, 9 young (9216K), 9 survivors (9216K)
}
Event: 25.642 {heap Before GC invocations=34 (full 0):
 garbage-first heap   total reserved 1019904K, committed 314368K, used 238327K [0x00000000c1c00000, 0x0000000100000000)
  region size 1024K, 142 young (145408K), 9 survivors (9216K)
}
Event: 25.657 {heap After GC invocations=35 (full 0):
 garbage-first heap   total reserved 1019904K, committed 314368K, used 100188K [0x00000000c1c00000, 0x0000000100000000)
  region size 1024K, 7 young (7168K), 7 survivors (7168K)
}
Event: 27.088 {heap Before GC invocations=35 (full 0):
 garbage-first heap   total reserved 1019904K, committed 314368K, used 248668K [0x00000000c1c00000, 0x0000000100000000)
  region size 1024K, 152 young (155648K), 7 survivors (7168K)
}
Event: 27.100 {heap After GC invocations=36 (full 0):
 garbage-first heap   total reserved 1019904K, committed 314368K, used 100445K [0x00000000c1c00000, 0x0000000100000000)
  region size 1024K, 7 young (7168K), 7 survivors (7168K)
}
Event: 38.684 {heap Before GC invocations=36 (full 0):
 garbage-first heap   total reserved 1019904K, committed 314368K, used 257117K [0x00000000c1c00000, 0x0000000100000000)
  region size 1024K, 161 young (164864K), 7 survivors (7168K)
}
Event: 38.704 {heap After GC invocations=37 (full 0):
 garbage-first heap   total reserved 1019904K, committed 314368K, used 92565K [0x00000000c1c00000, 0x0000000100000000)
  region size 1024K, 8 young (8192K), 8 survivors (8192K)
}
Event: 2156.958 {heap Before GC invocations=37 (full 0):
 garbage-first heap   total reserved 1019904K, committed 314368K, used 270741K [0x00000000c1c00000, 0x0000000100000000)
  region size 1024K, 183 young (187392K), 8 survivors (8192K)
}
Event: 2157.208 {heap After GC invocations=38 (full 0):
 garbage-first heap   total reserved 1019904K, committed 314368K, used 98816K [0x00000000c1c00000, 0x0000000100000000)
  region size 1024K, 14 young (14336K), 14 survivors (14336K)
}
Event: 2859.617 {heap Before GC invocations=38 (full 0):
 garbage-first heap   total reserved 1019904K, committed 314368K, used 230912K [0x00000000c1c00000, 0x0000000100000000)
  region size 1024K, 144 young (147456K), 14 survivors (14336K)
}
Event: 2859.709 {heap After GC invocations=39 (full 0):
 garbage-first heap   total reserved 1019904K, committed 314368K, used 99457K [0x00000000c1c00000, 0x0000000100000000)
  region size 1024K, 9 young (9216K), 9 survivors (9216K)
}

